==17648== Memcheck, a memory error detector
==17648== Copyright (C) 2002-2017, and GNU GPL'd, by Julian Seward et al.
==17648== Using Valgrind-3.18.1 and LibVEX; rerun with -h for copyright info
==17648== Command: ./minishell
==17648== Parent PID: 17647
==17648== 
==17648== 
==17648== Process terminating with default action of signal 2 (SIGINT)
==17648==    at 0x497575B: kill (syscall-template.S:120)
==17648==    by 0x48A8F39: _rl_signal_handler (in /usr/lib/x86_64-linux-gnu/libreadline.so.8.1)
==17648==    by 0x48A9BEC: rl_getc (in /usr/lib/x86_64-linux-gnu/libreadline.so.8.1)
==17648==    by 0x48A9460: rl_read_key (in /usr/lib/x86_64-linux-gnu/libreadline.so.8.1)
==17648==    by 0x488DC86: readline_internal_char (in /usr/lib/x86_64-linux-gnu/libreadline.so.8.1)
==17648==    by 0x4896D14: readline (in /usr/lib/x86_64-linux-gnu/libreadline.so.8.1)
==17648==    by 0x4012D8: main (in /home/fmoulin/Documents/42_github/projects/ring_03/minishell/minishell)
==17648== 
==17648== FILE DESCRIPTORS: 6 open (3 std) at exit.
==17648== Open file descriptor 103: /usr/share/code/v8_context_snapshot.bin
==17648==    <inherited from parent>
==17648== 
==17648== Open file descriptor 41: /home/fmoulin/.config/Code/logs/20251001T144056/ptyhost.log
==17648==    <inherited from parent>
==17648== 
==17648== Open file descriptor 3: /home/fmoulin/Documents/42_github/projects/ring_03/minishell/valgrind.log
==17648==    <inherited from parent>
==17648== 
==17648== 
==17648== HEAP SUMMARY:
==17648==     in use at exit: 219,400 bytes in 494 blocks
==17648==   total heap usage: 690 allocs, 196 frees, 238,029 bytes allocated
==17648== 
==17648== 11 bytes in 2 blocks are indirectly lost in loss record 4 of 99
==17648==    at 0x4848899: malloc (in /usr/libexec/valgrind/vgpreload_memcheck-amd64-linux.so)
==17648==    by 0x403DDB: ft_strdup (in /home/fmoulin/Documents/42_github/projects/ring_03/minishell/minishell)
==17648==    by 0x401E58: create_cmd_args (in /home/fmoulin/Documents/42_github/projects/ring_03/minishell/minishell)
==17648==    by 0x401FE2: handle_command (in /home/fmoulin/Documents/42_github/projects/ring_03/minishell/minishell)
==17648==    by 0x402182: parse_input (in /home/fmoulin/Documents/42_github/projects/ring_03/minishell/minishell)
==17648==    by 0x401306: main (in /home/fmoulin/Documents/42_github/projects/ring_03/minishell/minishell)
==17648== 
==17648== 24 bytes in 1 blocks are indirectly lost in loss record 24 of 99
==17648==    at 0x4848899: malloc (in /usr/libexec/valgrind/vgpreload_memcheck-amd64-linux.so)
==17648==    by 0x401E13: create_cmd_args (in /home/fmoulin/Documents/42_github/projects/ring_03/minishell/minishell)
==17648==    by 0x401FE2: handle_command (in /home/fmoulin/Documents/42_github/projects/ring_03/minishell/minishell)
==17648==    by 0x402182: parse_input (in /home/fmoulin/Documents/42_github/projects/ring_03/minishell/minishell)
==17648==    by 0x401306: main (in /home/fmoulin/Documents/42_github/projects/ring_03/minishell/minishell)
==17648== 
==17648== 30 bytes in 5 blocks are indirectly lost in loss record 27 of 99
==17648==    at 0x4848899: malloc (in /usr/libexec/valgrind/vgpreload_memcheck-amd64-linux.so)
==17648==    by 0x40418A: ft_substr (in /home/fmoulin/Documents/42_github/projects/ring_03/minishell/minishell)
==17648==    by 0x403C41: malloc_substr (in /home/fmoulin/Documents/42_github/projects/ring_03/minishell/minishell)
==17648==    by 0x403A64: ft_split (in /home/fmoulin/Documents/42_github/projects/ring_03/minishell/minishell)
==17648==    by 0x4016D9: input_splitter (in /home/fmoulin/Documents/42_github/projects/ring_03/minishell/minishell)
==17648==    by 0x402090: parse_input (in /home/fmoulin/Documents/42_github/projects/ring_03/minishell/minishell)
==17648==    by 0x401306: main (in /home/fmoulin/Documents/42_github/projects/ring_03/minishell/minishell)
==17648== 
==17648== 30 bytes in 5 blocks are indirectly lost in loss record 28 of 99
==17648==    at 0x4848899: malloc (in /usr/libexec/valgrind/vgpreload_memcheck-amd64-linux.so)
==17648==    by 0x4048D7: ft_strndup (in /home/fmoulin/Documents/42_github/projects/ring_03/minishell/minishell)
==17648==    by 0x4015B4: add_split (in /home/fmoulin/Documents/42_github/projects/ring_03/minishell/minishell)
==17648==    by 0x4018B1: split_word (in /home/fmoulin/Documents/42_github/projects/ring_03/minishell/minishell)
==17648==    by 0x401780: input_splitter (in /home/fmoulin/Documents/42_github/projects/ring_03/minishell/minishell)
==17648==    by 0x402090: parse_input (in /home/fmoulin/Documents/42_github/projects/ring_03/minishell/minishell)
==17648==    by 0x401306: main (in /home/fmoulin/Documents/42_github/projects/ring_03/minishell/minishell)
==17648== 
==17648== 30 bytes in 5 blocks are indirectly lost in loss record 29 of 99
==17648==    at 0x4848899: malloc (in /usr/libexec/valgrind/vgpreload_memcheck-amd64-linux.so)
==17648==    by 0x4048D7: ft_strndup (in /home/fmoulin/Documents/42_github/projects/ring_03/minishell/minishell)
==17648==    by 0x4015B4: add_split (in /home/fmoulin/Documents/42_github/projects/ring_03/minishell/minishell)
==17648==    by 0x4026D6: quotes_management (in /home/fmoulin/Documents/42_github/projects/ring_03/minishell/minishell)
==17648==    by 0x40209C: parse_input (in /home/fmoulin/Documents/42_github/projects/ring_03/minishell/minishell)
==17648==    by 0x401306: main (in /home/fmoulin/Documents/42_github/projects/ring_03/minishell/minishell)
==17648== 
==17648== 59 (24 direct, 35 indirect) bytes in 1 blocks are definitely lost in loss record 37 of 99
==17648==    at 0x4848899: malloc (in /usr/libexec/valgrind/vgpreload_memcheck-amd64-linux.so)
==17648==    by 0x401A59: ft_cmdnew (in /home/fmoulin/Documents/42_github/projects/ring_03/minishell/minishell)
==17648==    by 0x40200D: handle_command (in /home/fmoulin/Documents/42_github/projects/ring_03/minishell/minishell)
==17648==    by 0x402182: parse_input (in /home/fmoulin/Documents/42_github/projects/ring_03/minishell/minishell)
==17648==    by 0x401306: main (in /home/fmoulin/Documents/42_github/projects/ring_03/minishell/minishell)
==17648== 
==17648== 86 (56 direct, 30 indirect) bytes in 2 blocks are definitely lost in loss record 40 of 99
==17648==    at 0x4848899: malloc (in /usr/libexec/valgrind/vgpreload_memcheck-amd64-linux.so)
==17648==    by 0x403A33: ft_split (in /home/fmoulin/Documents/42_github/projects/ring_03/minishell/minishell)
==17648==    by 0x4016D9: input_splitter (in /home/fmoulin/Documents/42_github/projects/ring_03/minishell/minishell)
==17648==    by 0x402090: parse_input (in /home/fmoulin/Documents/42_github/projects/ring_03/minishell/minishell)
==17648==    by 0x401306: main (in /home/fmoulin/Documents/42_github/projects/ring_03/minishell/minishell)
==17648== 
==17648== 86 (56 direct, 30 indirect) bytes in 2 blocks are definitely lost in loss record 41 of 99
==17648==    at 0x4848899: malloc (in /usr/libexec/valgrind/vgpreload_memcheck-amd64-linux.so)
==17648==    by 0x401650: copy_old_split (in /home/fmoulin/Documents/42_github/projects/ring_03/minishell/minishell)
==17648==    by 0x40158C: add_split (in /home/fmoulin/Documents/42_github/projects/ring_03/minishell/minishell)
==17648==    by 0x4018B1: split_word (in /home/fmoulin/Documents/42_github/projects/ring_03/minishell/minishell)
==17648==    by 0x401780: input_splitter (in /home/fmoulin/Documents/42_github/projects/ring_03/minishell/minishell)
==17648==    by 0x402090: parse_input (in /home/fmoulin/Documents/42_github/projects/ring_03/minishell/minishell)
==17648==    by 0x401306: main (in /home/fmoulin/Documents/42_github/projects/ring_03/minishell/minishell)
==17648== 
==17648== 86 (56 direct, 30 indirect) bytes in 2 blocks are definitely lost in loss record 42 of 99
==17648==    at 0x4848899: malloc (in /usr/libexec/valgrind/vgpreload_memcheck-amd64-linux.so)
==17648==    by 0x401650: copy_old_split (in /home/fmoulin/Documents/42_github/projects/ring_03/minishell/minishell)
==17648==    by 0x40158C: add_split (in /home/fmoulin/Documents/42_github/projects/ring_03/minishell/minishell)
==17648==    by 0x4026D6: quotes_management (in /home/fmoulin/Documents/42_github/projects/ring_03/minishell/minishell)
==17648==    by 0x40209C: parse_input (in /home/fmoulin/Documents/42_github/projects/ring_03/minishell/minishell)
==17648==    by 0x401306: main (in /home/fmoulin/Documents/42_github/projects/ring_03/minishell/minishell)
==17648== 
==17648== LEAK SUMMARY:
==17648==    definitely lost: 192 bytes in 7 blocks
==17648==    indirectly lost: 125 bytes in 18 blocks
==17648==      possibly lost: 0 bytes in 0 blocks
==17648==    still reachable: 5,637 bytes in 215 blocks
==17648==         suppressed: 213,446 bytes in 254 blocks
==17648== Reachable blocks (those to which a pointer was found) are not shown.
==17648== To see them, rerun with: --leak-check=full --show-leak-kinds=all
==17648== 
==17648== ERROR SUMMARY: 4 errors from 4 contexts (suppressed: 1 from 1)
--17648-- 
--17648-- used_suppression:     77 <readline> ./minishell.supp:2 suppressed: 209,328 bytes in 247 blocks
--17648-- used_suppression:      4 <readline_history> ./minishell.supp:9 suppressed: 4,118 bytes in 7 blocks
==17648== 
==17648== ERROR SUMMARY: 4 errors from 4 contexts (suppressed: 1 from 1)
